<?xml version="1.0" encoding="utf-8"?><testsuites name="pytest tests"><testsuite name="pytest" errors="0" failures="0" skipped="0" tests="10" time="0.634" timestamp="2026-02-11T14:56:02.289744+00:00" hostname="agent-env-ba6beb00-1b04-461c-a3a0-df7e4a81a1ee"><testcase classname="backend.tests.test_bulk_evaluation.TestCSVTemplate" name="test_csv_template_download" time="0.103" /><testcase classname="backend.tests.test_bulk_evaluation.TestCSVEvaluation" name="test_evaluate_csv_valid_file" time="0.055" /><testcase classname="backend.tests.test_bulk_evaluation.TestCSVEvaluation" name="test_evaluate_csv_invalid_file_type" time="0.040" /><testcase classname="backend.tests.test_bulk_evaluation.TestCSVEvaluation" name="test_evaluate_csv_empty_file" time="0.040" /><testcase classname="backend.tests.test_bulk_evaluation.TestCSVEvaluation" name="test_evaluate_csv_with_smoker_proposal" time="0.053" /><testcase classname="backend.tests.test_bulk_evaluation.TestExistingEndpoints" name="test_dashboard_stats" time="0.062" /><testcase classname="backend.tests.test_bulk_evaluation.TestExistingEndpoints" name="test_rules_list" time="0.042" /><testcase classname="backend.tests.test_bulk_evaluation.TestExistingEndpoints" name="test_stages_list" time="0.042" /><testcase classname="backend.tests.test_bulk_evaluation.TestExistingEndpoints" name="test_risk_bands_list" time="0.038" /><testcase classname="backend.tests.test_bulk_evaluation.TestExistingEndpoints" name="test_products_list" time="0.043" /></testsuite></testsuites>